
> my-app@0.1.0 start
> next start

  ▲ Next.js 14.2.11
  - Local:        http://localhost:3000

 ✓ Starting...
 ✓ Ready in 563ms
----------------- Empowering Leading Banking & Financial Institutions With 360 Degrees Business Automation Solutions!
----------------- Empowering Leading Banking & Financial Institutions With 360 Degrees Business Automation Solutions!
----------------- Empowering Leading Banking & Financial Institutions With 360 Degrees Business Automation Solutions!
----------------- Empowering Leading Banking & Financial Institutions With 360 Degrees Business Automation Solutions!
----------------- Empowering Leading Banking & Financial Institutions With 360 Degrees Business Automation Solutions!
----------------- Empowering Leading Banking & Financial Institutions With 360 Degrees Business Automation Solutions!
----------------- Empowering Leading Banking & Financial Institutions With 360 Degrees Business Automation Solutions!
----------------- Empowering Leading Banking & Financial Institutions With 360 Degrees Business Automation Solutions!
----------------- Empowering Leading Banking & Financial Institutions With 360 Degrees Business Automation Solutions!
----------------- Empowering Leading Banking & Financial Institutions With 360 Degrees Business Automation Solutions!
----------------- Empowering Leading Banking & Financial Institutions With 360 Degrees Business Automation Solutions!

> my-app@0.1.0 start
> next start

  ▲ Next.js 14.2.11
  - Local:        http://localhost:3000

 ✓ Starting...
 ✓ Ready in 561ms
----------------- Empowering Leading Banking & Financial Institutions With 360 Degrees Business Automation Solutions!
----------------- Empowering Leading Banking & Financial Institutions With 360 Degrees Business Automation Solutions!
----------------- Empowering Leading Banking & Financial Institutions With 360 Degrees Business Automation Solutions!
----------------- Empowering Leading Banking & Financial Institutions With 360 Degrees Business Automation Solutions!
